{"time":"2025-12-08 06:36:12","level":"INFO","source":{"function":"dst-management-platform-api/utils.CreateConfig","file":"D:/UGit/dst-management-platform-api/utils/utils.go","line":239},"msg":"执行数据库检查中，初始化数据库"}
{"time":"2025-12-08 06:36:12","level":"INFO","source":{"function":"dst-management-platform-api/utils.CreateConfig","file":"D:/UGit/dst-management-platform-api/utils/utils.go","line":273},"msg":"数据库初始化完成"}
{"time":"2025-12-08 06:36:12","level":"INFO","source":{"function":"dst-management-platform-api/utils.CheckPlatform","file":"D:/UGit/dst-management-platform-api/utils/utils.go","line":491},"msg":"系统检查通过"}
{"time":"2025-12-08 06:36:12","level":"INFO","source":{"function":"dst-management-platform-api/utils.CheckDirs","file":"D:/UGit/dst-management-platform-api/utils/utils.go","line":385},"msg":"备份目录检查完成"}
{"time":"2025-12-08 06:36:12","level":"INFO","source":{"function":"dst-management-platform-api/utils.CheckDirs","file":"D:/UGit/dst-management-platform-api/utils/utils.go","line":402},"msg":"模组下载目录检查完成"}
{"time":"2025-12-08 06:36:12","level":"INFO","source":{"function":"dst-management-platform-api/utils.CheckDirs","file":"D:/UGit/dst-management-platform-api/utils/utils.go","line":409},"msg":"Master目录检查完成"}
{"time":"2025-12-08 06:36:12","level":"INFO","source":{"function":"dst-management-platform-api/utils.CheckDirs","file":"D:/UGit/dst-management-platform-api/utils/utils.go","line":416},"msg":"Caves目录检查完成"}
{"time":"2025-12-08 06:36:12","level":"INFO","source":{"function":"dst-management-platform-api/utils.CheckDirs","file":"D:/UGit/dst-management-platform-api/utils/utils.go","line":423},"msg":"Master Mod目录检查完成"}
{"time":"2025-12-08 06:36:12","level":"INFO","source":{"function":"dst-management-platform-api/utils.CheckDirs","file":"D:/UGit/dst-management-platform-api/utils/utils.go","line":430},"msg":"Caves Mod目录检查完成"}
{"time":"2025-12-08 06:36:12","level":"INFO","source":{"function":"dst-management-platform-api/utils.CheckFiles","file":"D:/UGit/dst-management-platform-api/utils/utils.go","line":459},"msg":"uid_map.json文件检查完成"}
{"time":"2025-12-08 06:36:12","level":"ERROR","source":{"function":"dst-management-platform-api/utils.CreateManualInstallScript","file":"D:/UGit/dst-management-platform-api/utils/utils.go","line":375},"msg":"手动安装脚本添加执行权限失败","err":"exec: \"/bin/bash\": executable file not found in %PATH%"}
{"time":"2025-12-08 06:36:12","level":"INFO","source":{"function":"dst-management-platform-api/scheduler.InitTasks","file":"D:/UGit/dst-management-platform-api/scheduler/init.go","line":21},"msg":"玩家列表定时任务已配置"}
{"time":"2025-12-08 06:36:12","level":"INFO","source":{"function":"dst-management-platform-api/scheduler.InitTasks","file":"D:/UGit/dst-management-platform-api/scheduler/init.go","line":26},"msg":"UID字典定时维护任务已配置"}
{"time":"2025-12-08 06:36:12","level":"INFO","source":{"function":"dst-management-platform-api/scheduler.InitTasks","file":"D:/UGit/dst-management-platform-api/scheduler/init.go","line":32},"msg":"系统监控定时任务已配置"}
{"time":"2025-12-08 06:36:12","level":"INFO","source":{"function":"dst-management-platform-api/scheduler.InitTasks","file":"D:/UGit/dst-management-platform-api/scheduler/init.go","line":46},"msg":"自动更新定时任务已配置"}
{"time":"2025-12-08 06:36:12","level":"INFO","source":{"function":"dst-management-platform-api/scheduler.InitTasks","file":"D:/UGit/dst-management-platform-api/scheduler/init.go","line":52},"msg":"自动备份定时任务已配置"}
{"time":"2025-12-08 06:36:12","level":"INFO","source":{"function":"dst-management-platform-api/scheduler.InitTasks","file":"D:/UGit/dst-management-platform-api/scheduler/init.go","line":58},"msg":"自动保活定时任务已配置"}
{"time":"2025-12-08 06:36:12","level":"INFO","source":{"function":"main.initialize","file":"D:/UGit/dst-management-platform-api/main.go","line":82},"msg":"定时任务已启动"}
{"time":"2025-12-08 06:36:16","level":"WARN","source":{"function":"dst-management-platform-api/utils.ValidateJWT","file":"D:/UGit/dst-management-platform-api/utils/utils.go","line":191},"msg":"JWT验证失败"}
{"time":"2025-12-08 06:36:23","level":"ERROR","source":{"function":"dst-management-platform-api/app/home.handleRoomInfoGet","file":"D:/UGit/dst-management-platform-api/app/home/handlers.go","line":45},"msg":"查询session-meta文件失败","err":"目录不存在：.klei/DoNotStarveTogether/MyDediServer/Caves/save/session"}
{"time":"2025-12-08 06:36:23","level":"ERROR","source":{"function":"dst-management-platform-api/app/externalApi.handleVersionGet","file":"D:/UGit/dst-management-platform-api/app/externalApi/handlers.go","line":20},"msg":"获取饥荒版本失败","err":"open dst/version.txt: The system cannot find the file specified."}
{"time":"2025-12-08 06:36:23","level":"ERROR","source":{"function":"dst-management-platform-api/app/home.handleRoomInfoGet","file":"D:/UGit/dst-management-platform-api/app/home/handlers.go","line":51},"msg":"获取meta文件内容失败","err":"读取文件失败: open : The system cannot find the file specified."}
{"time":"2025-12-08 06:36:45","level":"INFO","source":{"function":"dst-management-platform-api/scheduler.InitTasks","file":"D:/UGit/dst-management-platform-api/scheduler/init.go","line":21},"msg":"玩家列表定时任务已配置"}
{"time":"2025-12-08 06:36:45","level":"INFO","source":{"function":"dst-management-platform-api/scheduler.InitTasks","file":"D:/UGit/dst-management-platform-api/scheduler/init.go","line":26},"msg":"UID字典定时维护任务已配置"}
{"time":"2025-12-08 06:36:45","level":"INFO","source":{"function":"dst-management-platform-api/scheduler.InitTasks","file":"D:/UGit/dst-management-platform-api/scheduler/init.go","line":46},"msg":"自动更新定时任务已配置"}
{"time":"2025-12-08 06:36:45","level":"INFO","source":{"function":"dst-management-platform-api/scheduler.InitTasks","file":"D:/UGit/dst-management-platform-api/scheduler/init.go","line":52},"msg":"自动备份定时任务已配置"}
{"time":"2025-12-08 06:36:54","level":"ERROR","source":{"function":"dst-management-platform-api/app/externalApi.handleVersionGet","file":"D:/UGit/dst-management-platform-api/app/externalApi/handlers.go","line":20},"msg":"获取饥荒版本失败","err":"open dst/version.txt: The system cannot find the file specified."}
{"time":"2025-12-08 06:36:54","level":"ERROR","source":{"function":"dst-management-platform-api/app/home.handleRoomInfoGet","file":"D:/UGit/dst-management-platform-api/app/home/handlers.go","line":45},"msg":"查询session-meta文件失败","err":"目录不存在：.klei/DoNotStarveTogether/MyDediServer/Caves/save/session"}
{"time":"2025-12-08 06:36:54","level":"ERROR","source":{"function":"dst-management-platform-api/app/home.handleRoomInfoGet","file":"D:/UGit/dst-management-platform-api/app/home/handlers.go","line":51},"msg":"获取meta文件内容失败","err":"读取文件失败: open : The system cannot find the file specified."}
{"time":"2025-12-08 06:36:56","level":"ERROR","source":{"function":"dst-management-platform-api/app/setting.getList","file":"D:/UGit/dst-management-platform-api/app/setting/settingUtils.go","line":274},"msg":"读取文件失败","err":"open .klei/DoNotStarveTogether/MyDediServer/adminlist.txt: The system cannot find the file specified.","file":".klei/DoNotStarveTogether/MyDediServer/adminlist.txt"}
{"time":"2025-12-08 06:36:56","level":"ERROR","source":{"function":"dst-management-platform-api/app/setting.getList","file":"D:/UGit/dst-management-platform-api/app/setting/settingUtils.go","line":274},"msg":"读取文件失败","err":"open .klei/DoNotStarveTogether/MyDediServer/blocklist.txt: The system cannot find the file specified.","file":".klei/DoNotStarveTogether/MyDediServer/blocklist.txt"}
{"time":"2025-12-08 06:36:56","level":"ERROR","source":{"function":"dst-management-platform-api/app/setting.getList","file":"D:/UGit/dst-management-platform-api/app/setting/settingUtils.go","line":274},"msg":"读取文件失败","err":"open .klei/DoNotStarveTogether/MyDediServer/whitelist.txt: The system cannot find the file specified.","file":".klei/DoNotStarveTogether/MyDediServer/whitelist.txt"}
{"time":"2025-12-08 06:37:09","level":"ERROR","source":{"function":"dst-management-platform-api/app/tools.handleUpdateGet","file":"D:/UGit/dst-management-platform-api/app/tools/handlers.go","line":219},"msg":"获取饥荒版本失败","err":"open dst/version.txt: The system cannot find the file specified."}
{"time":"2025-12-08 06:37:10","level":"ERROR","source":{"function":"dst-management-platform-api/app/tools.handleBackupGet","file":"D:/UGit/dst-management-platform-api/app/tools/handlers.go","line":291},"msg":"磁盘使用率获取失败","err":"unable to find mount point for current directory"}
{"time":"2025-12-08 06:37:29","level":"INFO","source":{"function":"dst-management-platform-api/scheduler.InitTasks","file":"D:/UGit/dst-management-platform-api/scheduler/init.go","line":21},"msg":"玩家列表定时任务已配置"}
{"time":"2025-12-08 06:37:29","level":"INFO","source":{"function":"dst-management-platform-api/scheduler.InitTasks","file":"D:/UGit/dst-management-platform-api/scheduler/init.go","line":26},"msg":"UID字典定时维护任务已配置"}
{"time":"2025-12-08 06:37:29","level":"INFO","source":{"function":"dst-management-platform-api/scheduler.InitTasks","file":"D:/UGit/dst-management-platform-api/scheduler/init.go","line":46},"msg":"自动更新定时任务已配置"}
{"time":"2025-12-08 06:37:29","level":"INFO","source":{"function":"dst-management-platform-api/scheduler.InitTasks","file":"D:/UGit/dst-management-platform-api/scheduler/init.go","line":52},"msg":"自动备份定时任务已配置"}
{"time":"2025-12-08 06:37:35","level":"INFO","source":{"function":"dst-management-platform-api/scheduler.InitTasks","file":"D:/UGit/dst-management-platform-api/scheduler/init.go","line":21},"msg":"玩家列表定时任务已配置"}
{"time":"2025-12-08 06:37:35","level":"INFO","source":{"function":"dst-management-platform-api/scheduler.InitTasks","file":"D:/UGit/dst-management-platform-api/scheduler/init.go","line":26},"msg":"UID字典定时维护任务已配置"}
{"time":"2025-12-08 06:37:35","level":"INFO","source":{"function":"dst-management-platform-api/scheduler.InitTasks","file":"D:/UGit/dst-management-platform-api/scheduler/init.go","line":46},"msg":"自动更新定时任务已配置"}
{"time":"2025-12-08 06:37:35","level":"INFO","source":{"function":"dst-management-platform-api/scheduler.InitTasks","file":"D:/UGit/dst-management-platform-api/scheduler/init.go","line":52},"msg":"自动备份定时任务已配置"}
{"time":"2025-12-08 06:37:35","level":"INFO","source":{"function":"dst-management-platform-api/scheduler.InitTasks","file":"D:/UGit/dst-management-platform-api/scheduler/init.go","line":21},"msg":"玩家列表定时任务已配置"}
{"time":"2025-12-08 06:37:35","level":"INFO","source":{"function":"dst-management-platform-api/scheduler.InitTasks","file":"D:/UGit/dst-management-platform-api/scheduler/init.go","line":26},"msg":"UID字典定时维护任务已配置"}
{"time":"2025-12-08 06:37:35","level":"INFO","source":{"function":"dst-management-platform-api/scheduler.InitTasks","file":"D:/UGit/dst-management-platform-api/scheduler/init.go","line":52},"msg":"自动备份定时任务已配置"}
{"time":"2025-12-08 06:37:48","level":"INFO","source":{"function":"dst-management-platform-api/scheduler.InitTasks","file":"D:/UGit/dst-management-platform-api/scheduler/init.go","line":21},"msg":"玩家列表定时任务已配置"}
{"time":"2025-12-08 06:37:48","level":"INFO","source":{"function":"dst-management-platform-api/scheduler.InitTasks","file":"D:/UGit/dst-management-platform-api/scheduler/init.go","line":26},"msg":"UID字典定时维护任务已配置"}
{"time":"2025-12-08 06:37:48","level":"INFO","source":{"function":"dst-management-platform-api/scheduler.InitTasks","file":"D:/UGit/dst-management-platform-api/scheduler/init.go","line":52},"msg":"自动备份定时任务已配置"}
{"time":"2025-12-08 06:37:48","level":"INFO","source":{"function":"dst-management-platform-api/scheduler.InitTasks","file":"D:/UGit/dst-management-platform-api/scheduler/init.go","line":21},"msg":"玩家列表定时任务已配置"}
{"time":"2025-12-08 06:37:48","level":"INFO","source":{"function":"dst-management-platform-api/scheduler.InitTasks","file":"D:/UGit/dst-management-platform-api/scheduler/init.go","line":26},"msg":"UID字典定时维护任务已配置"}
